\BOOKMARK [1][-]{Section.0.Introduction.1}{Introduction}{}% 1
\BOOKMARK [2][-]{Subsection.1.0.Imperfect detection in ecological research.2}{Imperfect detection in ecological research}{Section.0.Introduction.1}% 2
\BOOKMARK [2][-]{Subsection.1.1.unmarked as a tool for fitting TLEMs.2}{unmarked as a tool for fitting TLEMs}{Section.0.Introduction.1}% 3
\BOOKMARK [1][-]{Section.1.Models implemented in unmarked.1}{Models implemented in unmarked}{}% 4
\BOOKMARK [2][-]{Subsection.2.0.Occurrence data.2}{Occurrence data}{Section.1.Models implemented in unmarked.1}% 5
\BOOKMARK [3][-]{Subsubsection.2.1.0.Fitting occupancy models in unmarked.3}{Fitting occupancy models in unmarked}{Subsection.2.0.Occurrence data.2}% 6
\BOOKMARK [2][-]{Subsection.2.1.Repeated count data.2}{Repeated count data}{Section.1.Models implemented in unmarked.1}% 7
\BOOKMARK [3][-]{Subsubsection.2.2.0.Fitting repeated count models in unmarked.3}{Fitting repeated count models in unmarked}{Subsection.2.1.Repeated count data.2}% 8
\BOOKMARK [2][-]{Subsection.2.2.General multinomial-Poisson TLEM.2}{General multinomial-Poisson TLEM}{Section.1.Models implemented in unmarked.1}% 9
\BOOKMARK [3][-]{Subsubsection.2.3.0.Fitting multninomial-Poisson models in unmarked.3}{Fitting multninomial-Poisson models in unmarked}{Subsection.2.2.General multinomial-Poisson TLEM.2}% 10
\BOOKMARK [3][-]{Subsubsection.2.3.1.Removal sampling.3}{Removal sampling}{Subsection.2.2.General multinomial-Poisson TLEM.2}% 11
\BOOKMARK [3][-]{Subsubsection.2.3.2.Double observer sampling.3}{Double observer sampling}{Subsection.2.2.General multinomial-Poisson TLEM.2}% 12
\BOOKMARK [2][-]{Subsection.2.3.Distance sampling.2}{Distance sampling}{Section.1.Models implemented in unmarked.1}% 13
\BOOKMARK [3][-]{Subsubsection.2.4.0.Fitting distance sampling models in unmarked.3}{Fitting distance sampling models in unmarked}{Subsection.2.3.Distance sampling.2}% 14
\BOOKMARK [2][-]{Subsection.2.4.Colonization-extinction data.2}{Colonization-extinction data}{Section.1.Models implemented in unmarked.1}% 15
\BOOKMARK [3][-]{Subsubsection.2.5.0.Fitting colonization-extinction models in unmarked.3}{Fitting colonization-extinction models in unmarked}{Subsection.2.4.Colonization-extinction data.2}% 16
\BOOKMARK [1][-]{Section.2.unmarked usage.1}{unmarked usage}{}% 17
\BOOKMARK [2][-]{Subsection.3.0.Preparing data.2}{Preparing data}{Section.2.unmarked usage.1}% 18
\BOOKMARK [2][-]{Subsection.3.1.Fitting TLEMs.2}{Fitting TLEMs}{Section.2.unmarked usage.1}% 19
\BOOKMARK [2][-]{Subsection.3.2.Examining model fits.2}{Examining model fits}{Section.2.unmarked usage.1}% 20
\BOOKMARK [3][-]{Subsubsection.3.3.0.Linear combinations of estimates.3}{Linear combinations of estimates}{Subsection.3.2.Examining model fits.2}% 21
\BOOKMARK [3][-]{Subsubsection.3.3.1.Back-transforming linear combinations of coefficients.3}{Back-transforming linear combinations of coefficients}{Subsection.3.2.Examining model fits.2}% 22
\BOOKMARK [3][-]{Subsubsection.3.3.2.Model selection.3}{Model selection}{Subsection.3.2.Examining model fits.2}% 23
\BOOKMARK [3][-]{Subsubsection.3.3.3.Parametric Bootstrap for Goodness-of-fit.3}{Parametric Bootstrap for Goodness-of-fit}{Subsection.3.2.Examining model fits.2}% 24
\BOOKMARK [1][-]{Section.3.Future directions for unmarked development.1}{Future directions for unmarked development}{}% 25
